\BOOKMARK [1][-]{section.1}{Introduction}{}% 1
\BOOKMARK [2][-]{subsection.1.1}{Scope and Context}{section.1}% 2
\BOOKMARK [1][-]{section.2}{Project Description}{}% 3
\BOOKMARK [2][-]{subsection.2.1}{Design and Features}{section.2}% 4
\BOOKMARK [3][-]{subsubsection.2.1.1}{3D-Mechanics}{subsection.2.1}% 5
\BOOKMARK [3][-]{subsubsection.2.1.2}{4D-Mechanics}{subsection.2.1}% 6
\BOOKMARK [1][-]{section.3}{Week Structure}{}% 7
\BOOKMARK [2][-]{subsection.3.1}{Time Table}{section.3}% 8
\BOOKMARK [2][-]{subsection.3.2}{Breakdown}{section.3}% 9
\BOOKMARK [3][-]{subsubsection.3.2.1}{Week one}{subsection.3.2}% 10
\BOOKMARK [3][-]{subsubsection.3.2.2}{Week two}{subsection.3.2}% 11
\BOOKMARK [3][-]{subsubsection.3.2.3}{Week three}{subsection.3.2}% 12
\BOOKMARK [3][-]{subsubsection.3.2.4}{Week four}{subsection.3.2}% 13
\BOOKMARK [3][-]{subsubsection.3.2.5}{Week five}{subsection.3.2}% 14
\BOOKMARK [3][-]{subsubsection.3.2.6}{Week six}{subsection.3.2}% 15
\BOOKMARK [1][-]{section.4}{Discussion}{}% 16
\BOOKMARK [2][-]{subsection.4.1}{Alternate solutions}{section.4}% 17
\BOOKMARK [3][-]{subsubsection.4.1.1}{4D-transformations and -movement}{subsection.4.1}% 18
\BOOKMARK [3][-]{subsubsection.4.1.2}{Transparency of 4D objects}{subsection.4.1}% 19
\BOOKMARK [1][-]{section.5}{Conclusion}{}% 20
\BOOKMARK [1][-]{section.6}{Bibliography}{}% 21
\BOOKMARK [1][-]{section.7}{Appendix}{}% 22
\BOOKMARK [2][-]{subsection.7.1}{Project files}{section.7}% 23
\BOOKMARK [2][-]{subsection.7.2}{Figures}{section.7}% 24
